<?xml version="1.0" encoding="UTF-8"?>
<!-- Generated by org.testng.reporters.JUnitXMLReporter -->
<testsuite ignored="0" hostname="Curtiss-MacBook-Pro.local" failures="0" tests="4" name="Application Test" time="0.072" errors="0" timestamp="2021-12-22T19:49:56 CST">
  <testcase classname="testngtutorial.TestNG_TestClass1" name="testMethod1" time="0.005"/>
  <testcase classname="testngtutorial.TestNG_TestClass1" name="testMethod2" time="0.002"/>
  <testcase classname="testngtutorial.TestNG_TestClass2" name="testMethod1" time="0.01"/>
  <testcase classname="testngtutorial.TestNG_TestClass2" name="testMethod2" time="0.002"/>
</testsuite> <!-- Application Test -->
