<?xml version="1.0" encoding="UTF-8"?>
<!-- Generated by org.testng.reporters.JUnitXMLReporter -->
<testsuite ignored="0" hostname="Curtiss-MacBook-Pro.local" failures="1" tests="2" name="Application Test" time="0.057" errors="0" timestamp="2022-01-06T17:00:45 CST">
  <testcase classname="listenerpackage.TestNG_ListenersTest" name="testMethod1" time="0.006"/>
  <testcase classname="listenerpackage.TestNG_ListenersTest" name="testMethod2" time="0.002">
    <failure type="java.lang.AssertionError" message="expected [true] but found [false]">
      <![CDATA[java.lang.AssertionError: expected [true] but found [false]
at listenerpackage.TestNG_ListenersTest.testMethod2(TestNG_ListenersTest.java:32)
at java.base/java.util.ArrayList.forEach(ArrayList.java:1511)
... Removed 31 stack frames]]>
    </failure>
  </testcase> <!-- testMethod2 -->
</testsuite> <!-- Application Test -->
